<?xml version="1.0" encoding="UTF-8"?>
<robot generated="20150814 07:41:49.261" generator="Robot 2.8.5 (Python 2.7.3 on win32)">
<suite source="C:\Users\Forte_Yuskiv_VI\Desktop\MCN_RF_Avtomation\Authentication\ResetPassword.txt" id="s1" name="ResetPassword">
<kw type="setup" name="AbstractContainer.Open Browser To Home Page">
<doc></doc>
<arguments>
</arguments>
<kw type="kw" name="Selenium2Library.Open Browser">
<doc>Opens a new browser instance to given URL.</doc>
<arguments>
<arg>${Home}</arg>
<arg>${BROWSER}</arg>
</arguments>
<msg timestamp="20150814 07:41:49.523" level="INFO">Opening browser 'firefox' to base url 'http://stage.mcnichols.com'</msg>
<status status="PASS" endtime="20150814 07:42:02.175" starttime="20150814 07:41:49.522"></status>
</kw>
<kw type="kw" name="Selenium2Library.Maximize Browser Window">
<doc>Maximizes current browser window.</doc>
<arguments>
</arguments>
<status status="PASS" endtime="20150814 07:42:02.882" starttime="20150814 07:42:02.176"></status>
</kw>
<kw type="kw" name="Selenium2Library.Set Selenium Speed">
<doc>Sets the delay in seconds that is waited after each Selenium command.</doc>
<arguments>
<arg>${DELAY}</arg>
</arguments>
<status status="PASS" endtime="20150814 07:42:02.884" starttime="20150814 07:42:02.883"></status>
</kw>
<status status="PASS" endtime="20150814 07:42:02.888" starttime="20150814 07:41:49.521"></status>
</kw>
<test id="s1-t1" name="Ability of end user to reset a forgotten password">
<kw type="setup" name="AbstractContainer.Navigate to Login Page">
<doc></doc>
<arguments>
</arguments>
<kw type="kw" name="Selenium2Library.Go To">
<doc>Navigates the active browser instance to the provided URL.</doc>
<arguments>
<arg>${LOGIN URl}</arg>
</arguments>
<msg timestamp="20150814 07:42:02.894" level="INFO">Opening url 'http://stage.mcnichols.com/account/login-page.jsp'</msg>
<status status="PASS" endtime="20150814 07:42:04.176" starttime="20150814 07:42:02.893"></status>
</kw>
<status status="PASS" endtime="20150814 07:42:04.178" starttime="20150814 07:42:02.891"></status>
</kw>
<kw type="kw" name="User clicks 'Forgot your password' link">
<doc></doc>
<arguments>
</arguments>
<kw type="kw" name="Selenium2Library.Click Element">
<doc>Click element identified by `locator`.</doc>
<arguments>
<arg>css=.btn-link.btn</arg>
</arguments>
<msg timestamp="20150814 07:42:04.181" level="INFO">Clicking element 'css=.btn-link.btn'.</msg>
<status status="PASS" endtime="20150814 07:42:04.425" starttime="20150814 07:42:04.181"></status>
</kw>
<status status="PASS" endtime="20150814 07:42:04.427" starttime="20150814 07:42:04.179"></status>
</kw>
<kw type="kw" name="System redirects user to Forgot password page">
<doc></doc>
<arguments>
</arguments>
<kw type="kw" name="AbstractContainer.Wait invisiability of preloader">
<doc></doc>
<arguments>
</arguments>
<kw type="kw" name="Selenium2Library.Wait Until Element Is Not Visible">
<doc>Waits until element specified with `locator` is not visible.</doc>
<arguments>
<arg>css=#status-loader</arg>
<arg>30</arg>
</arguments>
<status status="PASS" endtime="20150814 07:42:06.228" starttime="20150814 07:42:04.432"></status>
</kw>
<status status="PASS" endtime="20150814 07:42:06.229" starttime="20150814 07:42:04.431"></status>
</kw>
<kw type="kw" name="Selenium2Library.Page Should Contain Element">
<doc>Verifies element identified by `locator` is found on the current page.</doc>
<arguments>
<arg>css=#forgotPasswordContainer</arg>
</arguments>
<msg timestamp="20150814 07:42:06.251" level="INFO">Current page contains element 'css=#forgotPasswordContainer'.</msg>
<status status="PASS" endtime="20150814 07:42:06.252" starttime="20150814 07:42:06.231"></status>
</kw>
<status status="PASS" endtime="20150814 07:42:06.252" starttime="20150814 07:42:04.430"></status>
</kw>
<kw type="kw" name="User enters in email field">
<doc></doc>
<arguments>
<arg>jackychan180791@gmail.com</arg>
</arguments>
<kw type="kw" name="Selenium2Library.Input Text">
<doc>Types the given `text` into text field identified by `locator`.</doc>
<arguments>
<arg>css=#login</arg>
<arg>${email}</arg>
</arguments>
<msg timestamp="20150814 07:42:06.258" level="INFO">Typing text 'jackychan180791@gmail.com' into text field 'css=#login'</msg>
<status status="PASS" endtime="20150814 07:42:06.530" starttime="20150814 07:42:06.256"></status>
</kw>
<status status="PASS" endtime="20150814 07:42:06.531" starttime="20150814 07:42:06.254"></status>
</kw>
<kw type="kw" name="User clicks 'Next' button">
<doc></doc>
<arguments>
</arguments>
<kw type="kw" name="Selenium2Library.Click Element">
<doc>Click element identified by `locator`.</doc>
<arguments>
<arg>css=button.btn:nth-child(5)</arg>
</arguments>
<msg timestamp="20150814 07:42:06.534" level="INFO">Clicking element 'css=button.btn:nth-child(5)'.</msg>
<status status="PASS" endtime="20150814 07:42:06.682" starttime="20150814 07:42:06.533"></status>
</kw>
<kw type="kw" name="BuiltIn.Sleep">
<doc>Pauses the test executed for the given time.</doc>
<arguments>
<arg>3</arg>
</arguments>
<msg timestamp="20150814 07:42:09.683" level="INFO">Slept 3 seconds</msg>
<status status="PASS" endtime="20150814 07:42:09.684" starttime="20150814 07:42:06.682"></status>
</kw>
<status status="PASS" endtime="20150814 07:42:09.685" starttime="20150814 07:42:06.532"></status>
</kw>
<kw type="kw" name="User enters answers for the security question">
<doc></doc>
<arguments>
<arg>Green</arg>
</arguments>
<kw type="kw" name="AbstractContainer.Wait invisiability of preloader">
<doc></doc>
<arguments>
</arguments>
<kw type="kw" name="Selenium2Library.Wait Until Element Is Not Visible">
<doc>Waits until element specified with `locator` is not visible.</doc>
<arguments>
<arg>css=#status-loader</arg>
<arg>30</arg>
</arguments>
<status status="PASS" endtime="20150814 07:42:09.727" starttime="20150814 07:42:09.691"></status>
</kw>
<status status="PASS" endtime="20150814 07:42:09.728" starttime="20150814 07:42:09.689"></status>
</kw>
<kw type="kw" name="Selenium2Library.Wait Until Element Is Visible">
<doc>Waits until element specified with `locator` is visible.</doc>
<arguments>
<arg>css=#securityAnswer</arg>
<arg>20</arg>
</arguments>
<status status="PASS" endtime="20150814 07:42:09.772" starttime="20150814 07:42:09.729"></status>
</kw>
<kw type="kw" name="Selenium2Library.Input Text">
<doc>Types the given `text` into text field identified by `locator`.</doc>
<arguments>
<arg>css=#securityAnswer</arg>
<arg>${answer}</arg>
</arguments>
<msg timestamp="20150814 07:42:09.775" level="INFO">Typing text 'Green' into text field 'css=#securityAnswer'</msg>
<status status="PASS" endtime="20150814 07:42:09.890" starttime="20150814 07:42:09.774"></status>
</kw>
<status status="PASS" endtime="20150814 07:42:09.891" starttime="20150814 07:42:09.687"></status>
</kw>
<kw type="kw" name="User clicks 'Submit' button on Forgot Password Page">
<doc></doc>
<arguments>
</arguments>
<kw type="kw" name="Selenium2Library.Click Element">
<doc>Click element identified by `locator`.</doc>
<arguments>
<arg>css=button.btn:nth-child(7)</arg>
</arguments>
<msg timestamp="20150814 07:42:09.894" level="INFO">Clicking element 'css=button.btn:nth-child(7)'.</msg>
<status status="PASS" endtime="20150814 07:42:09.997" starttime="20150814 07:42:09.893"></status>
</kw>
<status status="PASS" endtime="20150814 07:42:09.998" starttime="20150814 07:42:09.892"></status>
</kw>
<kw type="kw" name="System displayed successfull message">
<doc></doc>
<arguments>
<arg>Your reset password email has been successfully sent.</arg>
</arguments>
<kw type="kw" name="AbstractContainer.Wait invisiability of preloader">
<doc></doc>
<arguments>
</arguments>
<kw type="kw" name="Selenium2Library.Wait Until Element Is Not Visible">
<doc>Waits until element specified with `locator` is not visible.</doc>
<arguments>
<arg>css=#status-loader</arg>
<arg>30</arg>
</arguments>
<status status="PASS" endtime="20150814 07:42:10.025" starttime="20150814 07:42:10.003"></status>
</kw>
<status status="PASS" endtime="20150814 07:42:10.025" starttime="20150814 07:42:10.001"></status>
</kw>
<kw type="kw" name="BuiltIn.Sleep">
<doc>Pauses the test executed for the given time.</doc>
<arguments>
<arg>15</arg>
<arg>20</arg>
</arguments>
<msg timestamp="20150814 07:42:25.026" level="INFO">Slept 15 seconds</msg>
<msg timestamp="20150814 07:42:25.026" level="INFO">20</msg>
<status status="PASS" endtime="20150814 07:42:25.027" starttime="20150814 07:42:10.026"></status>
</kw>
<kw type="kw" name="Selenium2Library.Element Should Contain">
<doc>Verifies element identified by `locator` contains text `expected`.</doc>
<arguments>
<arg>css=#success</arg>
<arg>${message}</arg>
</arguments>
<msg timestamp="20150814 07:42:25.030" level="INFO">Verifying element 'css=#success' contains text 'Your reset password email has been successfully sent.'.</msg>
<status status="PASS" endtime="20150814 07:42:25.082" starttime="20150814 07:42:25.028"></status>
</kw>
<status status="PASS" endtime="20150814 07:42:25.083" starttime="20150814 07:42:09.999"></status>
</kw>
<doc></doc>
<tags>
</tags>
<status status="PASS" endtime="20150814 07:42:25.085" critical="yes" starttime="20150814 07:42:02.889"></status>
</test>
<kw type="teardown" name="Selenium2Library.Close All Browsers">
<doc>Closes all open browsers and resets the browser cache.</doc>
<arguments>
</arguments>
<msg timestamp="20150814 07:42:25.176" level="INFO">[Error 32] The process cannot access the file because it is being used by another process: 'c:\\users\\forte_~1\\appdata\\local\\temp\\tmp7wiuig\\webdriver-py-profilecopy\\cert8.db'</msg>
<status status="PASS" endtime="20150814 07:42:25.176" starttime="20150814 07:42:25.090"></status>
</kw>
<doc></doc>
<metadata>
</metadata>
<status status="PASS" endtime="20150814 07:42:25.177" starttime="20150814 07:41:49.262"></status>
</suite>
<statistics>
<total>
<stat fail="0" pass="1">Critical Tests</stat>
<stat fail="0" pass="1">All Tests</stat>
</total>
<tag>
</tag>
<suite>
<stat fail="0" pass="1" id="s1" name="ResetPassword">ResetPassword</stat>
</suite>
</statistics>
<errors>
<msg timestamp="20150814 07:41:49.511" level="ERROR">Error in file 'C:\Users\Forte_Yuskiv_VI\Desktop\MCN_RF_Avtomation\utils\AbstractContainer.txt': Importing test library 'C:\Python27\libs\MyLibrary.py' failed: SyntaxError: invalid syntax (MyLibrary.py, line 3)
Traceback (most recent call last):
  None
PYTHONPATH:
  C:\Python27\lib\site-packages\robot\libraries
  C:\Python27\lib\site-packages
  C:\Python27\lib\site-packages\robotframework_ride-1.4.1b2-py2.7.egg
  C:\Python27\lib\site-packages\pygments-2.0.2-py2.7.egg
  C:\Windows\system32\python27.zip
  C:\Python27\DLLs
  C:\Python27\lib
  C:\Python27\lib\plat-win
  C:\Python27\lib\lib-tk
  C:\Python27
  C:\Python27\lib\site-packages\wx-2.8-msw-unicode
  .
  C:\Users\Forte_Yuskiv_VI\Desktop\MCN_RF_Avtomation\Authentication</msg>
</errors>
</robot>
